
ROM used:   311/8192 (4%)
            311/8192 (4%) including unused fragments

            0.3 Average locations per line
            2.2 Average locations per statement

RAM used:   9/368 (2%) at main() level
            12/368 (3%) worst case

Stack used: 1 worst case (1 in main + 0 for interrupts)
Stack size: 8

Lines Stmts  %   Files
----- ----- ---  -----
  235   143 100  GYSA_SLAVE.c
  796     0   0  ..\..\..\..\..\..\..\Program Files (x86)\PICC\Devices\16F887.h
----- -----
 1031   143 Total

Page ROM  %  RAM    Vol Diff  Functions:
---- --- --- ---    --- ----  ----------
0     21   7    1             @delay_ms1
0     58  19    0    399  3.3  main
0    102  33    2   2032  6.4  cosechar_der
0    102  33    2   2032  6.4  cosechar_izq
0     24   8    0    470  3.8  adelante_x
 Inline         0    125  2.6  @cinit1

Program metrics:
    Functions               5
    Statements              143
    Comments                203
    Volume (V)              6518
    Difficulty (D)          22.8
    Effort to implement (E) 148357
    Time to implement (T)   2 hours, 17 minutes
    Est Delivered Bugs (B)  1
    Cyclomatic Complexity   10
    Maintainability (MI)    57

 Segment     Used  Free
-----------  ----  ----
00000-00003     4  0  
00004-007FF   307  1737  
00800-00FFF     0  2048  
01000-017FF     0  2048  
01800-01FFF     0  2048  



