
ROM used:   1013/8192 (12%)
            1013/8192 (12%) including unused fragments

            0.8 Average locations per line
            3.3 Average locations per statement

RAM used:   16/368 (4%) at main() level
            61/368 (17%) worst case

Stack used: 4 worst case (2 in main + 2 for interrupts)
Stack size: 8

Lines Stmts  %   Files
----- ----- ---  -----
  431   306 100  GYSA.c
  796     0   0  ..\..\..\..\..\..\..\Program Files (x86)\PICC\Devices\16F887.h
----- -----
 1227   306 Total

Page ROM  %  RAM    Vol Diff  Functions:
---- --- --- ---    --- ----  ----------
0     21   2    1             @delay_ms1
0     18   2    0    195  3.1  INTERRUPCION
0     84   8    0    528  3.3  MAIN
0     81   8    0    888  2.9  arranque
0    705  70   42  12092  6.8  eje_z
0      7   1    0    125  2.6  cosechar_der
0      7   1    0    125  2.6  cosechar_izq
0     43   4    0    240  4.1  eje_x
 Inline         1    174  2.2  final
 Inline         0             @cinit1

Program metrics:
    Functions               8
    Statements              306
    Comments                214
    Volume (V)              16855
    Difficulty (D)          29.8
    Effort to implement (E) 502334
    Time to implement (T)   7 hours, 45 minutes
    Est Delivered Bugs (B)  2
    Cyclomatic Complexity   43
    Maintainability (MI)    120

 Segment     Used  Free
-----------  ----  ----
00000-00003     4  0  
00004-0002E    43  0  
0002F-007FF   966  1035  
00800-00FFF     0  2048  
01000-017FF     0  2048  
01800-01FFF     0  2048  



